<?xml version="1.0" encoding="UTF-8"?>
<!-- Generated by org.testng.reporters.JUnitXMLReporter -->
<testsuite ignored="1" hostname="DESKTOP-6FDVRM7" failures="0" tests="1" name="Default test" time="4.454" errors="0" timestamp="21 Mar 2018 14:34:10 GMT">
  <testcase classname="feedbacktunertests.marketplaces.TestMarketPlace" name="amazonSellerIdTest" time="4.42"/>
  <testcase classname="feedbacktunertests.marketplaces.TestMarketPlace" name="marketPlaceIdTest" time="0.0">
    <ignored/>
  </testcase> <!-- marketPlaceIdTest -->
</testsuite> <!-- Default test -->
