<?xml version="1.0" encoding="UTF-8"?>
<!-- Generated by org.testng.reporters.JUnitXMLReporter -->
<testsuite ignored="0" hostname="DESKTOP-6FDVRM7" failures="0" tests="2" name="Default test" time="10.253" errors="0" timestamp="25 Apr 2018 10:54:21 GMT">
  <testcase classname="feedbacktunertests.marketplaces.TestMarketPlace" name="amazonSellerIdTest" time="6.519"/>
  <testcase classname="feedbacktunertests.marketplaces.TestMarketPlace" name="marketPlaceIdTest" time="3.704"/>
</testsuite> <!-- Default test -->
