<?xml version="1.0" encoding="UTF-8"?>
<testng-results ignored="0" total="2" passed="2" failed="0" skipped="0">
  <reporter-output>
  </reporter-output>
  <suite started-at="2018-03-18T15:24:38Z" name="Default suite" finished-at="2018-03-18T15:24:47Z" duration-ms="8260">
    <groups>
    </groups>
    <test started-at="2018-03-18T15:24:38Z" name="Default test" finished-at="2018-03-18T15:24:47Z" duration-ms="8260">
      <class name="feedbacktunertests.marketplaces.GetMarketPlace">
        <test-method is-config="true" signature="setup()[pri:0, instance:feedbacktunertests.marketplaces.GetMarketPlace@6642dc5a]" started-at="2018-03-18T17:24:38Z" name="setup" finished-at="2018-03-18T17:24:40Z" duration-ms="1286" status="PASS">
          <reporter-output>
          </reporter-output>
        </test-method> <!-- setup -->
        <test-method signature="amazonSellerIdTest(java.lang.String)[pri:0, instance:feedbacktunertests.marketplaces.GetMarketPlace@6642dc5a]" started-at="2018-03-18T17:24:40Z" name="amazonSellerIdTest" data-provider="amazonSellerId" finished-at="2018-03-18T17:24:43Z" duration-ms="2998" status="PASS">
          <params>
            <param index="0">
              <value>
                <![CDATA[[A14PABE1P9H9M8]]]>
              </value>
            </param>
          </params>
          <reporter-output>
          </reporter-output>
        </test-method> <!-- amazonSellerIdTest -->
        <test-method is-config="true" signature="setup()[pri:0, instance:feedbacktunertests.marketplaces.GetMarketPlace@6642dc5a]" started-at="2018-03-18T17:24:43Z" name="setup" finished-at="2018-03-18T17:24:44Z" duration-ms="1313" status="PASS">
          <reporter-output>
          </reporter-output>
        </test-method> <!-- setup -->
        <test-method signature="marketPlaceIdTest(java.lang.String)[pri:0, instance:feedbacktunertests.marketplaces.GetMarketPlace@6642dc5a]" started-at="2018-03-18T17:24:44Z" name="marketPlaceIdTest" data-provider="marketPlaceId" finished-at="2018-03-18T17:24:47Z" duration-ms="2602" status="PASS">
          <params>
            <param index="0">
              <value>
                <![CDATA[[124]]]>
              </value>
            </param>
          </params>
          <reporter-output>
          </reporter-output>
        </test-method> <!-- marketPlaceIdTest -->
      </class> <!-- feedbacktunertests.marketplaces.GetMarketPlace -->
    </test> <!-- Default test -->
  </suite> <!-- Default suite -->
</testng-results>
