<?xml version="1.0" encoding="UTF-8"?>
<testng-results ignored="0" total="1" passed="1" failed="0" skipped="0">
  <reporter-output>
  </reporter-output>
  <suite started-at="2018-04-10T20:20:14Z" name="Default suite" finished-at="2018-04-10T20:20:19Z" duration-ms="4688">
    <groups>
    </groups>
    <test started-at="2018-04-10T20:20:14Z" name="Default test" finished-at="2018-04-10T20:20:19Z" duration-ms="4688">
      <class name="feedbacktunertests.account.updateaccountsettings.TestUpdateSettings">
        <test-method signature="updateDefaultSettingsTest()[pri:0, instance:feedbacktunertests.account.updateaccountsettings.TestUpdateSettings@4fbe37eb]" started-at="2018-04-10T23:20:14Z" name="updateDefaultSettingsTest" finished-at="2018-04-10T23:20:19Z" duration-ms="4668" status="PASS">
          <reporter-output>
          </reporter-output>
        </test-method> <!-- updateDefaultSettingsTest -->
      </class> <!-- feedbacktunertests.account.updateaccountsettings.TestUpdateSettings -->
    </test> <!-- Default test -->
  </suite> <!-- Default suite -->
</testng-results>
